2025-08-20 14:02:28.812 [main] INFO  c.s.l.e.a.ShortLinkServiceExercise - Starting ShortLinkServiceExercise using Java 21.0.7 with PID 5884 (started by Sunlight-HV3 in D:\coding\workingspace\test-practice)
2025-08-20 14:02:28.814 [main] INFO  c.s.l.e.a.ShortLinkServiceExercise - The following 1 profile is active: "test"
2025-08-20 14:02:29.085 [main] DEBUG o.s.w.c.s.GenericWebApplicationContext - Refreshing org.springframework.web.context.support.GenericWebApplicationContext@4b1abd11
2025-08-20 14:02:32.170 [main] WARN  org.hibernate.orm.deprecation - HHH90000025: H2Dialect does not need to be specified explicitly using 'hibernate.dialect' (remove the property setting and it will be selected by default)
2025-08-20 14:02:32.987 [main] DEBUG org.hibernate.SQL - drop table if exists short_links cascade 
2025-08-20 14:02:32.996 [main] DEBUG org.hibernate.SQL - create table short_links (is_custom_alias boolean not null, access_count bigint not null, created_at timestamp(6) not null, id bigint generated by default as identity, last_updated_at timestamp(6) not null, short_code varchar(20) not null unique, description varchar(500), long_url varchar(2048) not null, primary key (id))
2025-08-20 14:02:33.007 [main] DEBUG org.hibernate.SQL - create index idx_long_url on short_links (long_url)
2025-08-20 14:02:33.007 [main] DEBUG org.hibernate.SQL - create index idx_created_at on short_links (created_at)
2025-08-20 14:02:33.646 [main] WARN  o.s.b.a.o.j.JpaBaseConfiguration$JpaWebConfiguration - spring.jpa.open-in-view is enabled by default. Therefore, database queries may be performed during view rendering. Explicitly configure spring.jpa.open-in-view to disable this warning
2025-08-20 14:02:33.771 [main] DEBUG o.s.w.s.m.m.a.RequestMappingHandlerMapping - 9 mappings in 'requestMappingHandlerMapping'
2025-08-20 14:02:33.926 [main] DEBUG o.s.w.s.h.SimpleUrlHandlerMapping - Patterns [/webjars/**, /**] in 'resourceHandlerMapping'
2025-08-20 14:02:33.969 [main] DEBUG o.s.w.s.m.m.a.RequestMappingHandlerAdapter - ControllerAdvice beans: 0 @ModelAttribute, 0 @InitBinder, 1 RequestBodyAdvice, 1 ResponseBodyAdvice
2025-08-20 14:02:34.008 [main] DEBUG o.s.w.s.m.m.a.ExceptionHandlerExceptionResolver - ControllerAdvice beans: 0 @ExceptionHandler, 1 ResponseBodyAdvice
2025-08-20 14:02:34.253 [main] INFO  c.s.l.e.a.ShortLinkServiceExercise - Started ShortLinkServiceExercise in 5.837 seconds (process running for 7.177)
2025-08-20 14:02:34.462 [SpringApplicationShutdownHook] DEBUG o.s.w.c.s.GenericWebApplicationContext - Closing org.springframework.web.context.support.GenericWebApplicationContext@4b1abd11, started on Wed Aug 20 14:02:29 CST 2025
2025-08-20 14:02:34.480 [SpringApplicationShutdownHook] DEBUG org.hibernate.SQL - drop table if exists short_links cascade 
2025-08-20 14:09:45.964 [main] INFO  c.s.l.e.a.ShortLinkServiceExercise - Starting ShortLinkServiceExercise using Java 21.0.7 with PID 25620 (started by Sunlight-HV3 in D:\coding\workingspace\test-practice)
2025-08-20 14:09:45.965 [main] INFO  c.s.l.e.a.ShortLinkServiceExercise - The following 1 profile is active: "test"
2025-08-20 14:09:46.229 [main] DEBUG o.s.w.c.s.GenericWebApplicationContext - Refreshing org.springframework.web.context.support.GenericWebApplicationContext@6443b128
2025-08-20 14:09:49.241 [main] WARN  org.hibernate.orm.deprecation - HHH90000025: H2Dialect does not need to be specified explicitly using 'hibernate.dialect' (remove the property setting and it will be selected by default)
2025-08-20 14:09:50.023 [main] DEBUG org.hibernate.SQL - drop table if exists short_links cascade 
2025-08-20 14:09:50.032 [main] DEBUG org.hibernate.SQL - create table short_links (is_custom_alias boolean not null, access_count bigint not null, created_at timestamp(6) not null, id bigint generated by default as identity, last_updated_at timestamp(6) not null, short_code varchar(20) not null unique, description varchar(500), long_url varchar(2048) not null, primary key (id))
2025-08-20 14:09:50.043 [main] DEBUG org.hibernate.SQL - create index idx_long_url on short_links (long_url)
2025-08-20 14:09:50.044 [main] DEBUG org.hibernate.SQL - create index idx_created_at on short_links (created_at)
2025-08-20 14:09:50.665 [main] WARN  o.s.b.a.o.j.JpaBaseConfiguration$JpaWebConfiguration - spring.jpa.open-in-view is enabled by default. Therefore, database queries may be performed during view rendering. Explicitly configure spring.jpa.open-in-view to disable this warning
2025-08-20 14:09:50.797 [main] DEBUG o.s.w.s.m.m.a.RequestMappingHandlerMapping - 9 mappings in 'requestMappingHandlerMapping'
2025-08-20 14:09:50.964 [main] DEBUG o.s.w.s.h.SimpleUrlHandlerMapping - Patterns [/webjars/**, /**] in 'resourceHandlerMapping'
2025-08-20 14:09:51.008 [main] DEBUG o.s.w.s.m.m.a.RequestMappingHandlerAdapter - ControllerAdvice beans: 0 @ModelAttribute, 0 @InitBinder, 1 RequestBodyAdvice, 1 ResponseBodyAdvice
2025-08-20 14:09:51.048 [main] DEBUG o.s.w.s.m.m.a.ExceptionHandlerExceptionResolver - ControllerAdvice beans: 0 @ExceptionHandler, 1 ResponseBodyAdvice
2025-08-20 14:09:51.280 [main] INFO  c.s.l.e.a.ShortLinkServiceExercise - Started ShortLinkServiceExercise in 5.844 seconds (process running for 7.246)
2025-08-20 14:09:51.517 [SpringApplicationShutdownHook] DEBUG o.s.w.c.s.GenericWebApplicationContext - Closing org.springframework.web.context.support.GenericWebApplicationContext@6443b128, started on Wed Aug 20 14:09:46 CST 2025
2025-08-20 14:09:51.532 [SpringApplicationShutdownHook] DEBUG org.hibernate.SQL - drop table if exists short_links cascade 
2025-08-20 14:17:39.426 [main] INFO  c.s.l.e.a.ShortLinkServiceExercise - Starting ShortLinkServiceExercise using Java 21.0.7 with PID 21200 (started by Sunlight-HV3 in D:\coding\workingspace\test-practice)
2025-08-20 14:17:39.427 [main] INFO  c.s.l.e.a.ShortLinkServiceExercise - The following 1 profile is active: "test"
2025-08-20 14:17:39.675 [main] DEBUG o.s.w.c.s.GenericWebApplicationContext - Refreshing org.springframework.web.context.support.GenericWebApplicationContext@6443b128
2025-08-20 14:17:42.793 [main] WARN  org.hibernate.orm.deprecation - HHH90000025: H2Dialect does not need to be specified explicitly using 'hibernate.dialect' (remove the property setting and it will be selected by default)
2025-08-20 14:17:43.572 [main] DEBUG org.hibernate.SQL - drop table if exists short_links cascade 
2025-08-20 14:17:43.583 [main] DEBUG org.hibernate.SQL - create table short_links (is_custom_alias boolean not null, access_count bigint not null, created_at timestamp(6) not null, id bigint generated by default as identity, last_updated_at timestamp(6) not null, short_code varchar(20) not null unique, description varchar(500), long_url varchar(2048) not null, primary key (id))
2025-08-20 14:17:43.592 [main] DEBUG org.hibernate.SQL - create index idx_long_url on short_links (long_url)
2025-08-20 14:17:43.593 [main] DEBUG org.hibernate.SQL - create index idx_created_at on short_links (created_at)
2025-08-20 14:17:44.176 [main] WARN  o.s.b.a.o.j.JpaBaseConfiguration$JpaWebConfiguration - spring.jpa.open-in-view is enabled by default. Therefore, database queries may be performed during view rendering. Explicitly configure spring.jpa.open-in-view to disable this warning
2025-08-20 14:17:44.295 [main] DEBUG o.s.w.s.m.m.a.RequestMappingHandlerMapping - 9 mappings in 'requestMappingHandlerMapping'
2025-08-20 14:17:44.449 [main] DEBUG o.s.w.s.h.SimpleUrlHandlerMapping - Patterns [/webjars/**, /**] in 'resourceHandlerMapping'
2025-08-20 14:17:44.486 [main] DEBUG o.s.w.s.m.m.a.RequestMappingHandlerAdapter - ControllerAdvice beans: 0 @ModelAttribute, 0 @InitBinder, 1 RequestBodyAdvice, 1 ResponseBodyAdvice
2025-08-20 14:17:44.526 [main] DEBUG o.s.w.s.m.m.a.ExceptionHandlerExceptionResolver - ControllerAdvice beans: 0 @ExceptionHandler, 1 ResponseBodyAdvice
2025-08-20 14:17:44.758 [main] INFO  c.s.l.e.a.ShortLinkServiceExercise - Started ShortLinkServiceExercise in 5.733 seconds (process running for 7.022)
2025-08-20 14:17:44.915 [SpringApplicationShutdownHook] DEBUG o.s.w.c.s.GenericWebApplicationContext - Closing org.springframework.web.context.support.GenericWebApplicationContext@6443b128, started on Wed Aug 20 14:17:39 CST 2025
2025-08-20 14:17:44.936 [SpringApplicationShutdownHook] DEBUG org.hibernate.SQL - drop table if exists short_links cascade 
2025-08-20 14:26:59.849 [main] INFO  c.s.l.e.a.ShortLinkServiceExercise - Starting ShortLinkServiceExercise using Java 21.0.7 with PID 20192 (started by Sunlight-HV3 in D:\coding\workingspace\test-practice)
2025-08-20 14:26:59.851 [main] INFO  c.s.l.e.a.ShortLinkServiceExercise - The following 1 profile is active: "test"
2025-08-20 14:27:00.106 [main] DEBUG o.s.w.c.s.GenericWebApplicationContext - Refreshing org.springframework.web.context.support.GenericWebApplicationContext@6443b128
2025-08-20 14:27:03.211 [main] WARN  org.hibernate.orm.deprecation - HHH90000025: H2Dialect does not need to be specified explicitly using 'hibernate.dialect' (remove the property setting and it will be selected by default)
2025-08-20 14:27:04.006 [main] DEBUG org.hibernate.SQL - drop table if exists short_links cascade 
2025-08-20 14:27:04.016 [main] DEBUG org.hibernate.SQL - create table short_links (is_custom_alias boolean not null, access_count bigint not null, created_at timestamp(6) not null, id bigint generated by default as identity, last_updated_at timestamp(6) not null, short_code varchar(20) not null unique, description varchar(500), long_url varchar(2048) not null, primary key (id))
2025-08-20 14:27:04.026 [main] DEBUG org.hibernate.SQL - create index idx_long_url on short_links (long_url)
2025-08-20 14:27:04.027 [main] DEBUG org.hibernate.SQL - create index idx_created_at on short_links (created_at)
2025-08-20 14:27:04.622 [main] WARN  o.s.b.a.o.j.JpaBaseConfiguration$JpaWebConfiguration - spring.jpa.open-in-view is enabled by default. Therefore, database queries may be performed during view rendering. Explicitly configure spring.jpa.open-in-view to disable this warning
2025-08-20 14:27:04.750 [main] DEBUG o.s.w.s.m.m.a.RequestMappingHandlerMapping - 9 mappings in 'requestMappingHandlerMapping'
2025-08-20 14:27:04.934 [main] DEBUG o.s.w.s.h.SimpleUrlHandlerMapping - Patterns [/webjars/**, /**] in 'resourceHandlerMapping'
2025-08-20 14:27:04.983 [main] DEBUG o.s.w.s.m.m.a.RequestMappingHandlerAdapter - ControllerAdvice beans: 0 @ModelAttribute, 0 @InitBinder, 1 RequestBodyAdvice, 1 ResponseBodyAdvice
2025-08-20 14:27:05.025 [main] DEBUG o.s.w.s.m.m.a.ExceptionHandlerExceptionResolver - ControllerAdvice beans: 0 @ExceptionHandler, 1 ResponseBodyAdvice
2025-08-20 14:27:05.272 [main] INFO  c.s.l.e.a.ShortLinkServiceExercise - Started ShortLinkServiceExercise in 5.849 seconds (process running for 7.212)
2025-08-20 14:27:05.495 [SpringApplicationShutdownHook] DEBUG o.s.w.c.s.GenericWebApplicationContext - Closing org.springframework.web.context.support.GenericWebApplicationContext@6443b128, started on Wed Aug 20 14:27:00 CST 2025
2025-08-20 14:27:05.513 [SpringApplicationShutdownHook] DEBUG org.hibernate.SQL - drop table if exists short_links cascade 
2025-08-20 14:27:58.766 [main] INFO  c.s.l.e.a.ShortLinkServiceExercise - Starting ShortLinkServiceExercise using Java 21.0.7 with PID 13604 (started by Sunlight-HV3 in D:\coding\workingspace\test-practice)
2025-08-20 14:27:58.767 [main] INFO  c.s.l.e.a.ShortLinkServiceExercise - The following 1 profile is active: "test"
2025-08-20 14:27:59.028 [main] DEBUG o.s.w.c.s.GenericWebApplicationContext - Refreshing org.springframework.web.context.support.GenericWebApplicationContext@6443b128
2025-08-20 14:28:02.094 [main] WARN  org.hibernate.orm.deprecation - HHH90000025: H2Dialect does not need to be specified explicitly using 'hibernate.dialect' (remove the property setting and it will be selected by default)
2025-08-20 14:28:02.808 [main] DEBUG org.hibernate.SQL - drop table if exists short_links cascade 
2025-08-20 14:28:02.818 [main] DEBUG org.hibernate.SQL - create table short_links (is_custom_alias boolean not null, access_count bigint not null, created_at timestamp(6) not null, id bigint generated by default as identity, last_updated_at timestamp(6) not null, short_code varchar(20) not null unique, description varchar(500), long_url varchar(2048) not null, primary key (id))
2025-08-20 14:28:02.827 [main] DEBUG org.hibernate.SQL - create index idx_long_url on short_links (long_url)
2025-08-20 14:28:02.828 [main] DEBUG org.hibernate.SQL - create index idx_created_at on short_links (created_at)
2025-08-20 14:28:03.433 [main] WARN  o.s.b.a.o.j.JpaBaseConfiguration$JpaWebConfiguration - spring.jpa.open-in-view is enabled by default. Therefore, database queries may be performed during view rendering. Explicitly configure spring.jpa.open-in-view to disable this warning
2025-08-20 14:28:03.574 [main] DEBUG o.s.w.s.m.m.a.RequestMappingHandlerMapping - 9 mappings in 'requestMappingHandlerMapping'
2025-08-20 14:28:03.733 [main] DEBUG o.s.w.s.h.SimpleUrlHandlerMapping - Patterns [/webjars/**, /**] in 'resourceHandlerMapping'
2025-08-20 14:28:03.780 [main] DEBUG o.s.w.s.m.m.a.RequestMappingHandlerAdapter - ControllerAdvice beans: 0 @ModelAttribute, 0 @InitBinder, 1 RequestBodyAdvice, 1 ResponseBodyAdvice
2025-08-20 14:28:03.819 [main] DEBUG o.s.w.s.m.m.a.ExceptionHandlerExceptionResolver - ControllerAdvice beans: 0 @ExceptionHandler, 1 ResponseBodyAdvice
2025-08-20 14:28:04.058 [main] INFO  c.s.l.e.a.ShortLinkServiceExercise - Started ShortLinkServiceExercise in 5.743 seconds (process running for 7.16)
2025-08-20 14:28:04.308 [SpringApplicationShutdownHook] DEBUG o.s.w.c.s.GenericWebApplicationContext - Closing org.springframework.web.context.support.GenericWebApplicationContext@6443b128, started on Wed Aug 20 14:27:59 CST 2025
2025-08-20 14:28:04.325 [SpringApplicationShutdownHook] DEBUG org.hibernate.SQL - drop table if exists short_links cascade 
2025-08-20 14:41:08.003 [main] INFO  c.s.l.e.a.ShortLinkServiceExercise - Starting ShortLinkServiceExercise using Java 21.0.7 with PID 14916 (started by Sunlight-HV3 in D:\coding\workingspace\test-practice)
2025-08-20 14:41:08.004 [main] INFO  c.s.l.e.a.ShortLinkServiceExercise - The following 1 profile is active: "test"
2025-08-20 14:41:08.274 [main] DEBUG o.s.w.c.s.GenericWebApplicationContext - Refreshing org.springframework.web.context.support.GenericWebApplicationContext@6443b128
2025-08-20 14:41:11.636 [main] WARN  org.hibernate.orm.deprecation - HHH90000025: H2Dialect does not need to be specified explicitly using 'hibernate.dialect' (remove the property setting and it will be selected by default)
2025-08-20 14:41:12.352 [main] DEBUG org.hibernate.SQL - drop table if exists short_links cascade 
2025-08-20 14:41:12.363 [main] DEBUG org.hibernate.SQL - create table short_links (is_custom_alias boolean not null, access_count bigint not null, created_at timestamp(6) not null, id bigint generated by default as identity, last_updated_at timestamp(6) not null, short_code varchar(20) not null unique, description varchar(500), long_url varchar(2048) not null, primary key (id))
2025-08-20 14:41:12.372 [main] DEBUG org.hibernate.SQL - create index idx_long_url on short_links (long_url)
2025-08-20 14:41:12.373 [main] DEBUG org.hibernate.SQL - create index idx_created_at on short_links (created_at)
2025-08-20 14:41:12.995 [main] WARN  o.s.b.a.o.j.JpaBaseConfiguration$JpaWebConfiguration - spring.jpa.open-in-view is enabled by default. Therefore, database queries may be performed during view rendering. Explicitly configure spring.jpa.open-in-view to disable this warning
2025-08-20 14:41:13.122 [main] DEBUG o.s.w.s.m.m.a.RequestMappingHandlerMapping - 9 mappings in 'requestMappingHandlerMapping'
2025-08-20 14:41:13.308 [main] DEBUG o.s.w.s.h.SimpleUrlHandlerMapping - Patterns [/webjars/**, /**] in 'resourceHandlerMapping'
2025-08-20 14:41:13.354 [main] DEBUG o.s.w.s.m.m.a.RequestMappingHandlerAdapter - ControllerAdvice beans: 0 @ModelAttribute, 0 @InitBinder, 1 RequestBodyAdvice, 1 ResponseBodyAdvice
2025-08-20 14:41:13.400 [main] DEBUG o.s.w.s.m.m.a.ExceptionHandlerExceptionResolver - ControllerAdvice beans: 0 @ExceptionHandler, 1 ResponseBodyAdvice
2025-08-20 14:41:13.694 [main] INFO  c.s.l.e.a.ShortLinkServiceExercise - Started ShortLinkServiceExercise in 6.096 seconds (process running for 7.408)
2025-08-20 14:41:13.963 [SpringApplicationShutdownHook] DEBUG o.s.w.c.s.GenericWebApplicationContext - Closing org.springframework.web.context.support.GenericWebApplicationContext@6443b128, started on Wed Aug 20 14:41:08 CST 2025
2025-08-20 14:41:13.987 [SpringApplicationShutdownHook] DEBUG org.hibernate.SQL - drop table if exists short_links cascade 
2025-08-20 14:41:31.009 [main] INFO  c.s.l.e.a.ShortLinkServiceExercise - Starting ShortLinkServiceExercise using Java 21.0.7 with PID 4784 (started by Sunlight-HV3 in D:\coding\workingspace\test-practice)
2025-08-20 14:41:31.010 [main] INFO  c.s.l.e.a.ShortLinkServiceExercise - The following 1 profile is active: "test"
2025-08-20 14:41:31.271 [main] DEBUG o.s.w.c.s.GenericWebApplicationContext - Refreshing org.springframework.web.context.support.GenericWebApplicationContext@69cac930
2025-08-20 14:41:34.888 [main] WARN  org.hibernate.orm.deprecation - HHH90000025: H2Dialect does not need to be specified explicitly using 'hibernate.dialect' (remove the property setting and it will be selected by default)
2025-08-20 14:41:36.015 [main] DEBUG org.hibernate.SQL - drop table if exists short_links cascade 
2025-08-20 14:41:36.028 [main] DEBUG org.hibernate.SQL - create table short_links (is_custom_alias boolean not null, access_count bigint not null, created_at timestamp(6) not null, id bigint generated by default as identity, last_updated_at timestamp(6) not null, short_code varchar(20) not null unique, description varchar(500), long_url varchar(2048) not null, primary key (id))
2025-08-20 14:41:36.041 [main] DEBUG org.hibernate.SQL - create index idx_long_url on short_links (long_url)
2025-08-20 14:41:36.042 [main] DEBUG org.hibernate.SQL - create index idx_created_at on short_links (created_at)
2025-08-20 14:41:36.854 [main] WARN  o.s.b.a.o.j.JpaBaseConfiguration$JpaWebConfiguration - spring.jpa.open-in-view is enabled by default. Therefore, database queries may be performed during view rendering. Explicitly configure spring.jpa.open-in-view to disable this warning
2025-08-20 14:41:37.038 [main] DEBUG o.s.w.s.m.m.a.RequestMappingHandlerMapping - 9 mappings in 'requestMappingHandlerMapping'
2025-08-20 14:41:37.252 [main] DEBUG o.s.w.s.h.SimpleUrlHandlerMapping - Patterns [/webjars/**, /**] in 'resourceHandlerMapping'
2025-08-20 14:41:37.309 [main] DEBUG o.s.w.s.m.m.a.RequestMappingHandlerAdapter - ControllerAdvice beans: 0 @ModelAttribute, 0 @InitBinder, 1 RequestBodyAdvice, 1 ResponseBodyAdvice
2025-08-20 14:41:37.364 [main] DEBUG o.s.w.s.m.m.a.ExceptionHandlerExceptionResolver - ControllerAdvice beans: 0 @ExceptionHandler, 1 ResponseBodyAdvice
2025-08-20 14:41:37.690 [main] INFO  c.s.l.e.a.ShortLinkServiceExercise - Started ShortLinkServiceExercise in 7.086 seconds (process running for 8.564)
2025-08-20 14:41:38.043 [SpringApplicationShutdownHook] DEBUG o.s.w.c.s.GenericWebApplicationContext - Closing org.springframework.web.context.support.GenericWebApplicationContext@69cac930, started on Wed Aug 20 14:41:31 CST 2025
2025-08-20 14:41:38.069 [SpringApplicationShutdownHook] DEBUG org.hibernate.SQL - drop table if exists short_links cascade 
2025-08-20 14:54:22.374 [main] INFO  c.s.l.e.a.ShortLinkServiceExercise - Starting ShortLinkServiceExercise using Java 21.0.7 with PID 19348 (started by Sunlight-HV3 in D:\coding\workingspace\test-practice)
2025-08-20 14:54:22.377 [main] INFO  c.s.l.e.a.ShortLinkServiceExercise - The following 1 profile is active: "test"
2025-08-20 14:54:22.827 [main] DEBUG o.s.w.c.s.GenericWebApplicationContext - Refreshing org.springframework.web.context.support.GenericWebApplicationContext@6443b128
2025-08-20 14:54:26.055 [main] WARN  org.hibernate.orm.deprecation - HHH90000025: H2Dialect does not need to be specified explicitly using 'hibernate.dialect' (remove the property setting and it will be selected by default)
2025-08-20 14:54:26.846 [main] DEBUG org.hibernate.SQL - drop table if exists short_links cascade 
2025-08-20 14:54:26.855 [main] DEBUG org.hibernate.SQL - create table short_links (is_custom_alias boolean not null, access_count bigint not null, created_at timestamp(6) not null, id bigint generated by default as identity, last_updated_at timestamp(6) not null, short_code varchar(20) not null unique, description varchar(500), long_url varchar(2048) not null, primary key (id))
2025-08-20 14:54:26.865 [main] DEBUG org.hibernate.SQL - create index idx_long_url on short_links (long_url)
2025-08-20 14:54:26.866 [main] DEBUG org.hibernate.SQL - create index idx_created_at on short_links (created_at)
2025-08-20 14:54:27.497 [main] WARN  o.s.b.a.o.j.JpaBaseConfiguration$JpaWebConfiguration - spring.jpa.open-in-view is enabled by default. Therefore, database queries may be performed during view rendering. Explicitly configure spring.jpa.open-in-view to disable this warning
2025-08-20 14:54:27.637 [main] DEBUG o.s.w.s.m.m.a.RequestMappingHandlerMapping - 9 mappings in 'requestMappingHandlerMapping'
2025-08-20 14:54:27.812 [main] DEBUG o.s.w.s.h.SimpleUrlHandlerMapping - Patterns [/webjars/**, /**] in 'resourceHandlerMapping'
2025-08-20 14:54:27.856 [main] DEBUG o.s.w.s.m.m.a.RequestMappingHandlerAdapter - ControllerAdvice beans: 0 @ModelAttribute, 0 @InitBinder, 1 RequestBodyAdvice, 1 ResponseBodyAdvice
2025-08-20 14:54:27.893 [main] DEBUG o.s.w.s.m.m.a.ExceptionHandlerExceptionResolver - ControllerAdvice beans: 0 @ExceptionHandler, 1 ResponseBodyAdvice
2025-08-20 14:54:28.154 [main] INFO  c.s.l.e.a.ShortLinkServiceExercise - Started ShortLinkServiceExercise in 6.253 seconds (process running for 7.748)
2025-08-20 14:54:28.337 [SpringApplicationShutdownHook] DEBUG o.s.w.c.s.GenericWebApplicationContext - Closing org.springframework.web.context.support.GenericWebApplicationContext@6443b128, started on Wed Aug 20 14:54:22 CST 2025
2025-08-20 14:54:28.353 [SpringApplicationShutdownHook] DEBUG org.hibernate.SQL - drop table if exists short_links cascade 
2025-08-20 15:02:26.612 [main] INFO  c.s.l.e.a.ShortLinkServiceExercise - Starting ShortLinkServiceExercise using Java 21.0.7 with PID 28572 (started by Sunlight-HV3 in D:\coding\workingspace\test-practice)
2025-08-20 15:02:26.613 [main] INFO  c.s.l.e.a.ShortLinkServiceExercise - The following 1 profile is active: "test"
2025-08-20 15:02:26.892 [main] DEBUG o.s.w.c.s.GenericWebApplicationContext - Refreshing org.springframework.web.context.support.GenericWebApplicationContext@6443b128
2025-08-20 15:02:30.299 [main] WARN  org.hibernate.orm.deprecation - HHH90000025: H2Dialect does not need to be specified explicitly using 'hibernate.dialect' (remove the property setting and it will be selected by default)
2025-08-20 15:02:31.034 [main] DEBUG org.hibernate.SQL - drop table if exists short_links cascade 
2025-08-20 15:02:31.044 [main] DEBUG org.hibernate.SQL - create table short_links (is_custom_alias boolean not null, access_count bigint not null, created_at timestamp(6) not null, id bigint generated by default as identity, last_updated_at timestamp(6) not null, short_code varchar(20) not null unique, description varchar(500), long_url varchar(2048) not null, primary key (id))
2025-08-20 15:02:31.053 [main] DEBUG org.hibernate.SQL - create index idx_long_url on short_links (long_url)
2025-08-20 15:02:31.054 [main] DEBUG org.hibernate.SQL - create index idx_created_at on short_links (created_at)
2025-08-20 15:02:31.673 [main] WARN  o.s.b.a.o.j.JpaBaseConfiguration$JpaWebConfiguration - spring.jpa.open-in-view is enabled by default. Therefore, database queries may be performed during view rendering. Explicitly configure spring.jpa.open-in-view to disable this warning
2025-08-20 15:02:31.792 [main] DEBUG o.s.w.s.m.m.a.RequestMappingHandlerMapping - 9 mappings in 'requestMappingHandlerMapping'
2025-08-20 15:02:31.965 [main] DEBUG o.s.w.s.h.SimpleUrlHandlerMapping - Patterns [/webjars/**, /**] in 'resourceHandlerMapping'
2025-08-20 15:02:32.003 [main] DEBUG o.s.w.s.m.m.a.RequestMappingHandlerAdapter - ControllerAdvice beans: 0 @ModelAttribute, 0 @InitBinder, 1 RequestBodyAdvice, 1 ResponseBodyAdvice
2025-08-20 15:02:32.042 [main] DEBUG o.s.w.s.m.m.a.ExceptionHandlerExceptionResolver - ControllerAdvice beans: 0 @ExceptionHandler, 1 ResponseBodyAdvice
2025-08-20 15:02:32.280 [main] INFO  c.s.l.e.a.ShortLinkServiceExercise - Started ShortLinkServiceExercise in 6.072 seconds (process running for 7.38)
2025-08-20 15:02:32.482 [SpringApplicationShutdownHook] DEBUG o.s.w.c.s.GenericWebApplicationContext - Closing org.springframework.web.context.support.GenericWebApplicationContext@6443b128, started on Wed Aug 20 15:02:26 CST 2025
2025-08-20 15:02:32.500 [SpringApplicationShutdownHook] DEBUG org.hibernate.SQL - drop table if exists short_links cascade 
2025-08-20 15:10:26.290 [main] INFO  c.s.l.e.a.ShortLinkServiceExercise - Starting ShortLinkServiceExercise using Java 21.0.7 with PID 29572 (started by Sunlight-HV3 in D:\coding\workingspace\test-practice)
2025-08-20 15:10:26.292 [main] INFO  c.s.l.e.a.ShortLinkServiceExercise - The following 1 profile is active: "test"
2025-08-20 15:10:26.564 [main] DEBUG o.s.w.c.s.GenericWebApplicationContext - Refreshing org.springframework.web.context.support.GenericWebApplicationContext@6443b128
2025-08-20 15:10:29.788 [main] WARN  org.hibernate.orm.deprecation - HHH90000025: H2Dialect does not need to be specified explicitly using 'hibernate.dialect' (remove the property setting and it will be selected by default)
2025-08-20 15:10:30.589 [main] DEBUG org.hibernate.SQL - drop table if exists short_links cascade 
2025-08-20 15:10:30.598 [main] DEBUG org.hibernate.SQL - create table short_links (is_custom_alias boolean not null, access_count bigint not null, created_at timestamp(6) not null, id bigint generated by default as identity, last_updated_at timestamp(6) not null, short_code varchar(20) not null unique, description varchar(500), long_url varchar(2048) not null, primary key (id))
2025-08-20 15:10:30.607 [main] DEBUG org.hibernate.SQL - create index idx_long_url on short_links (long_url)
2025-08-20 15:10:30.608 [main] DEBUG org.hibernate.SQL - create index idx_created_at on short_links (created_at)
2025-08-20 15:10:31.216 [main] WARN  o.s.b.a.o.j.JpaBaseConfiguration$JpaWebConfiguration - spring.jpa.open-in-view is enabled by default. Therefore, database queries may be performed during view rendering. Explicitly configure spring.jpa.open-in-view to disable this warning
2025-08-20 15:10:31.338 [main] DEBUG o.s.w.s.m.m.a.RequestMappingHandlerMapping - 9 mappings in 'requestMappingHandlerMapping'
2025-08-20 15:10:31.513 [main] DEBUG o.s.w.s.h.SimpleUrlHandlerMapping - Patterns [/webjars/**, /**] in 'resourceHandlerMapping'
2025-08-20 15:10:31.557 [main] DEBUG o.s.w.s.m.m.a.RequestMappingHandlerAdapter - ControllerAdvice beans: 0 @ModelAttribute, 0 @InitBinder, 1 RequestBodyAdvice, 1 ResponseBodyAdvice
2025-08-20 15:10:31.598 [main] DEBUG o.s.w.s.m.m.a.ExceptionHandlerExceptionResolver - ControllerAdvice beans: 0 @ExceptionHandler, 1 ResponseBodyAdvice
2025-08-20 15:10:31.857 [main] INFO  c.s.l.e.a.ShortLinkServiceExercise - Started ShortLinkServiceExercise in 6.007 seconds (process running for 7.308)
2025-08-20 15:10:32.072 [SpringApplicationShutdownHook] DEBUG o.s.w.c.s.GenericWebApplicationContext - Closing org.springframework.web.context.support.GenericWebApplicationContext@6443b128, started on Wed Aug 20 15:10:26 CST 2025
2025-08-20 15:10:32.090 [SpringApplicationShutdownHook] DEBUG org.hibernate.SQL - drop table if exists short_links cascade 
2025-08-20 15:17:58.638 [main] INFO  c.s.l.e.a.ShortLinkServiceExercise - Starting ShortLinkServiceExercise using Java 21.0.7 with PID 22492 (started by Sunlight-HV3 in D:\coding\workingspace\test-practice)
2025-08-20 15:17:58.640 [main] INFO  c.s.l.e.a.ShortLinkServiceExercise - The following 1 profile is active: "test"
2025-08-20 15:17:58.918 [main] DEBUG o.s.w.c.s.GenericWebApplicationContext - Refreshing org.springframework.web.context.support.GenericWebApplicationContext@69cac930
2025-08-20 15:18:02.057 [main] WARN  org.hibernate.orm.deprecation - HHH90000025: H2Dialect does not need to be specified explicitly using 'hibernate.dialect' (remove the property setting and it will be selected by default)
2025-08-20 15:18:02.847 [main] DEBUG org.hibernate.SQL - drop table if exists short_links cascade 
2025-08-20 15:18:02.856 [main] DEBUG org.hibernate.SQL - create table short_links (is_custom_alias boolean not null, access_count bigint not null, created_at timestamp(6) not null, id bigint generated by default as identity, last_updated_at timestamp(6) not null, short_code varchar(20) not null unique, description varchar(500), long_url varchar(2048) not null, primary key (id))
2025-08-20 15:18:02.867 [main] DEBUG org.hibernate.SQL - create index idx_long_url on short_links (long_url)
2025-08-20 15:18:02.868 [main] DEBUG org.hibernate.SQL - create index idx_created_at on short_links (created_at)
2025-08-20 15:18:03.482 [main] WARN  o.s.b.a.o.j.JpaBaseConfiguration$JpaWebConfiguration - spring.jpa.open-in-view is enabled by default. Therefore, database queries may be performed during view rendering. Explicitly configure spring.jpa.open-in-view to disable this warning
2025-08-20 15:18:03.609 [main] DEBUG o.s.w.s.m.m.a.RequestMappingHandlerMapping - 9 mappings in 'requestMappingHandlerMapping'
2025-08-20 15:18:03.791 [main] DEBUG o.s.w.s.h.SimpleUrlHandlerMapping - Patterns [/webjars/**, /**] in 'resourceHandlerMapping'
2025-08-20 15:18:03.831 [main] DEBUG o.s.w.s.m.m.a.RequestMappingHandlerAdapter - ControllerAdvice beans: 0 @ModelAttribute, 0 @InitBinder, 1 RequestBodyAdvice, 1 ResponseBodyAdvice
2025-08-20 15:18:03.868 [main] DEBUG o.s.w.s.m.m.a.ExceptionHandlerExceptionResolver - ControllerAdvice beans: 0 @ExceptionHandler, 1 ResponseBodyAdvice
2025-08-20 15:18:04.112 [main] INFO  c.s.l.e.a.ShortLinkServiceExercise - Started ShortLinkServiceExercise in 5.939 seconds (process running for 7.222)
2025-08-20 15:18:04.326 [SpringApplicationShutdownHook] DEBUG o.s.w.c.s.GenericWebApplicationContext - Closing org.springframework.web.context.support.GenericWebApplicationContext@69cac930, started on Wed Aug 20 15:17:58 CST 2025
2025-08-20 15:18:04.342 [SpringApplicationShutdownHook] DEBUG org.hibernate.SQL - drop table if exists short_links cascade 
2025-08-20 15:37:47.868 [main] INFO  c.s.l.e.a.ShortLinkServiceExercise - Starting ShortLinkServiceExercise using Java 21.0.7 with PID 20524 (started by Sunlight-HV3 in D:\coding\workingspace\test-practice)
2025-08-20 15:37:47.869 [main] INFO  c.s.l.e.a.ShortLinkServiceExercise - The following 1 profile is active: "test"
2025-08-20 15:37:48.147 [main] DEBUG o.s.w.c.s.GenericWebApplicationContext - Refreshing org.springframework.web.context.support.GenericWebApplicationContext@6443b128
2025-08-20 15:37:51.231 [main] WARN  org.hibernate.orm.deprecation - HHH90000025: H2Dialect does not need to be specified explicitly using 'hibernate.dialect' (remove the property setting and it will be selected by default)
2025-08-20 15:37:52.021 [main] DEBUG org.hibernate.SQL - drop table if exists short_links cascade 
2025-08-20 15:37:52.030 [main] DEBUG org.hibernate.SQL - create table short_links (is_custom_alias boolean not null, access_count bigint not null, created_at timestamp(6) not null, id bigint generated by default as identity, last_updated_at timestamp(6) not null, short_code varchar(20) not null unique, description varchar(500), long_url varchar(2048) not null, primary key (id))
2025-08-20 15:37:52.041 [main] DEBUG org.hibernate.SQL - create index idx_long_url on short_links (long_url)
2025-08-20 15:37:52.042 [main] DEBUG org.hibernate.SQL - create index idx_created_at on short_links (created_at)
2025-08-20 15:37:52.707 [main] WARN  o.s.b.a.o.j.JpaBaseConfiguration$JpaWebConfiguration - spring.jpa.open-in-view is enabled by default. Therefore, database queries may be performed during view rendering. Explicitly configure spring.jpa.open-in-view to disable this warning
2025-08-20 15:37:52.831 [main] DEBUG o.s.w.s.m.m.a.RequestMappingHandlerMapping - 9 mappings in 'requestMappingHandlerMapping'
2025-08-20 15:37:52.997 [main] DEBUG o.s.w.s.h.SimpleUrlHandlerMapping - Patterns [/webjars/**, /**] in 'resourceHandlerMapping'
2025-08-20 15:37:53.039 [main] DEBUG o.s.w.s.m.m.a.RequestMappingHandlerAdapter - ControllerAdvice beans: 0 @ModelAttribute, 0 @InitBinder, 1 RequestBodyAdvice, 1 ResponseBodyAdvice
2025-08-20 15:37:53.081 [main] DEBUG o.s.w.s.m.m.a.ExceptionHandlerExceptionResolver - ControllerAdvice beans: 0 @ExceptionHandler, 1 ResponseBodyAdvice
2025-08-20 15:37:53.322 [main] INFO  c.s.l.e.a.ShortLinkServiceExercise - Started ShortLinkServiceExercise in 5.858 seconds (process running for 7.341)
2025-08-20 15:37:53.572 [SpringApplicationShutdownHook] DEBUG o.s.w.c.s.GenericWebApplicationContext - Closing org.springframework.web.context.support.GenericWebApplicationContext@6443b128, started on Wed Aug 20 15:37:48 CST 2025
2025-08-20 15:37:53.590 [SpringApplicationShutdownHook] DEBUG org.hibernate.SQL - drop table if exists short_links cascade 
2025-08-20 15:38:57.195 [main] INFO  c.s.l.e.a.ShortLinkServiceExercise - Starting ShortLinkServiceExercise using Java 21.0.7 with PID 29456 (started by Sunlight-HV3 in D:\coding\workingspace\test-practice)
2025-08-20 15:38:57.196 [main] INFO  c.s.l.e.a.ShortLinkServiceExercise - The following 1 profile is active: "test"
2025-08-20 15:38:57.455 [main] DEBUG o.s.w.c.s.GenericWebApplicationContext - Refreshing org.springframework.web.context.support.GenericWebApplicationContext@6443b128
2025-08-20 15:39:00.599 [main] WARN  org.hibernate.orm.deprecation - HHH90000025: H2Dialect does not need to be specified explicitly using 'hibernate.dialect' (remove the property setting and it will be selected by default)
2025-08-20 15:39:01.421 [main] DEBUG org.hibernate.SQL - drop table if exists short_links cascade 
2025-08-20 15:39:01.430 [main] DEBUG org.hibernate.SQL - create table short_links (is_custom_alias boolean not null, access_count bigint not null, created_at timestamp(6) not null, id bigint generated by default as identity, last_updated_at timestamp(6) not null, short_code varchar(20) not null unique, description varchar(500), long_url varchar(2048) not null, primary key (id))
2025-08-20 15:39:01.441 [main] DEBUG org.hibernate.SQL - create index idx_long_url on short_links (long_url)
2025-08-20 15:39:01.442 [main] DEBUG org.hibernate.SQL - create index idx_created_at on short_links (created_at)
2025-08-20 15:39:02.077 [main] WARN  o.s.b.a.o.j.JpaBaseConfiguration$JpaWebConfiguration - spring.jpa.open-in-view is enabled by default. Therefore, database queries may be performed during view rendering. Explicitly configure spring.jpa.open-in-view to disable this warning
2025-08-20 15:39:02.204 [main] DEBUG o.s.w.s.m.m.a.RequestMappingHandlerMapping - 9 mappings in 'requestMappingHandlerMapping'
2025-08-20 15:39:02.389 [main] DEBUG o.s.w.s.h.SimpleUrlHandlerMapping - Patterns [/webjars/**, /**] in 'resourceHandlerMapping'
2025-08-20 15:39:02.429 [main] DEBUG o.s.w.s.m.m.a.RequestMappingHandlerAdapter - ControllerAdvice beans: 0 @ModelAttribute, 0 @InitBinder, 1 RequestBodyAdvice, 1 ResponseBodyAdvice
2025-08-20 15:39:02.467 [main] DEBUG o.s.w.s.m.m.a.ExceptionHandlerExceptionResolver - ControllerAdvice beans: 0 @ExceptionHandler, 1 ResponseBodyAdvice
2025-08-20 15:39:02.705 [main] INFO  c.s.l.e.a.ShortLinkServiceExercise - Started ShortLinkServiceExercise in 5.919 seconds (process running for 7.189)
2025-08-20 15:39:02.900 [SpringApplicationShutdownHook] DEBUG o.s.w.c.s.GenericWebApplicationContext - Closing org.springframework.web.context.support.GenericWebApplicationContext@6443b128, started on Wed Aug 20 15:38:57 CST 2025
2025-08-20 15:39:02.916 [SpringApplicationShutdownHook] DEBUG org.hibernate.SQL - drop table if exists short_links cascade 
2025-08-20 15:41:51.844 [main] INFO  c.s.l.e.a.ShortLinkServiceExercise - Starting ShortLinkServiceExercise using Java 21.0.7 with PID 18980 (started by Sunlight-HV3 in D:\coding\workingspace\test-practice)
2025-08-20 15:41:51.846 [main] INFO  c.s.l.e.a.ShortLinkServiceExercise - The following 1 profile is active: "test"
2025-08-20 15:41:52.124 [main] DEBUG o.s.w.c.s.GenericWebApplicationContext - Refreshing org.springframework.web.context.support.GenericWebApplicationContext@6443b128
2025-08-20 15:41:55.420 [main] WARN  org.hibernate.orm.deprecation - HHH90000025: H2Dialect does not need to be specified explicitly using 'hibernate.dialect' (remove the property setting and it will be selected by default)
2025-08-20 15:41:56.244 [main] DEBUG org.hibernate.SQL - drop table if exists short_links cascade 
2025-08-20 15:41:56.254 [main] DEBUG org.hibernate.SQL - create table short_links (is_custom_alias boolean not null, access_count bigint not null, created_at timestamp(6) not null, id bigint generated by default as identity, last_updated_at timestamp(6) not null, short_code varchar(20) not null unique, description varchar(500), long_url varchar(2048) not null, primary key (id))
2025-08-20 15:41:56.264 [main] DEBUG org.hibernate.SQL - create index idx_long_url on short_links (long_url)
2025-08-20 15:41:56.265 [main] DEBUG org.hibernate.SQL - create index idx_created_at on short_links (created_at)
2025-08-20 15:41:56.856 [main] WARN  o.s.b.a.o.j.JpaBaseConfiguration$JpaWebConfiguration - spring.jpa.open-in-view is enabled by default. Therefore, database queries may be performed during view rendering. Explicitly configure spring.jpa.open-in-view to disable this warning
2025-08-20 15:41:56.985 [main] DEBUG o.s.w.s.m.m.a.RequestMappingHandlerMapping - 9 mappings in 'requestMappingHandlerMapping'
2025-08-20 15:41:57.148 [main] DEBUG o.s.w.s.h.SimpleUrlHandlerMapping - Patterns [/webjars/**, /**] in 'resourceHandlerMapping'
2025-08-20 15:41:57.189 [main] DEBUG o.s.w.s.m.m.a.RequestMappingHandlerAdapter - ControllerAdvice beans: 0 @ModelAttribute, 0 @InitBinder, 1 RequestBodyAdvice, 1 ResponseBodyAdvice
2025-08-20 15:41:57.228 [main] DEBUG o.s.w.s.m.m.a.ExceptionHandlerExceptionResolver - ControllerAdvice beans: 0 @ExceptionHandler, 1 ResponseBodyAdvice
2025-08-20 15:41:57.469 [main] INFO  c.s.l.e.a.ShortLinkServiceExercise - Started ShortLinkServiceExercise in 6.065 seconds (process running for 7.367)
2025-08-20 15:41:57.677 [SpringApplicationShutdownHook] DEBUG o.s.w.c.s.GenericWebApplicationContext - Closing org.springframework.web.context.support.GenericWebApplicationContext@6443b128, started on Wed Aug 20 15:41:52 CST 2025
2025-08-20 15:41:57.693 [SpringApplicationShutdownHook] DEBUG org.hibernate.SQL - drop table if exists short_links cascade 
2025-08-20 15:53:04.616 [main] INFO  c.s.l.e.a.ShortLinkServiceExercise - Starting ShortLinkServiceExercise using Java 21.0.7 with PID 21120 (started by Sunlight-HV3 in D:\coding\workingspace\test-practice)
2025-08-20 15:53:04.617 [main] INFO  c.s.l.e.a.ShortLinkServiceExercise - The following 1 profile is active: "test"
2025-08-20 15:53:04.895 [main] DEBUG o.s.w.c.s.GenericWebApplicationContext - Refreshing org.springframework.web.context.support.GenericWebApplicationContext@6443b128
2025-08-20 15:53:07.968 [main] WARN  org.hibernate.orm.deprecation - HHH90000025: H2Dialect does not need to be specified explicitly using 'hibernate.dialect' (remove the property setting and it will be selected by default)
2025-08-20 15:53:08.713 [main] DEBUG org.hibernate.SQL - drop table if exists short_links cascade 
2025-08-20 15:53:08.727 [main] DEBUG org.hibernate.SQL - create table short_links (is_custom_alias boolean not null, access_count bigint not null, created_at timestamp(6) not null, id bigint generated by default as identity, last_updated_at timestamp(6) not null, short_code varchar(20) not null unique, description varchar(500), long_url varchar(2048) not null, primary key (id))
2025-08-20 15:53:08.737 [main] DEBUG org.hibernate.SQL - create index idx_long_url on short_links (long_url)
2025-08-20 15:53:08.738 [main] DEBUG org.hibernate.SQL - create index idx_created_at on short_links (created_at)
2025-08-20 15:53:09.348 [main] WARN  o.s.b.a.o.j.JpaBaseConfiguration$JpaWebConfiguration - spring.jpa.open-in-view is enabled by default. Therefore, database queries may be performed during view rendering. Explicitly configure spring.jpa.open-in-view to disable this warning
2025-08-20 15:53:09.465 [main] DEBUG o.s.w.s.m.m.a.RequestMappingHandlerMapping - 9 mappings in 'requestMappingHandlerMapping'
2025-08-20 15:53:09.646 [main] DEBUG o.s.w.s.h.SimpleUrlHandlerMapping - Patterns [/webjars/**, /**] in 'resourceHandlerMapping'
2025-08-20 15:53:09.686 [main] DEBUG o.s.w.s.m.m.a.RequestMappingHandlerAdapter - ControllerAdvice beans: 0 @ModelAttribute, 0 @InitBinder, 1 RequestBodyAdvice, 1 ResponseBodyAdvice
2025-08-20 15:53:09.725 [main] DEBUG o.s.w.s.m.m.a.ExceptionHandlerExceptionResolver - ControllerAdvice beans: 0 @ExceptionHandler, 1 ResponseBodyAdvice
2025-08-20 15:53:09.968 [main] INFO  c.s.l.e.a.ShortLinkServiceExercise - Started ShortLinkServiceExercise in 5.748 seconds (process running for 7.164)
2025-08-20 15:53:10.159 [SpringApplicationShutdownHook] DEBUG o.s.w.c.s.GenericWebApplicationContext - Closing org.springframework.web.context.support.GenericWebApplicationContext@6443b128, started on Wed Aug 20 15:53:04 CST 2025
2025-08-20 15:53:10.175 [SpringApplicationShutdownHook] DEBUG org.hibernate.SQL - drop table if exists short_links cascade 
2025-08-20 15:53:43.434 [main] INFO  c.s.l.e.a.ShortLinkServiceExercise - Starting ShortLinkServiceExercise using Java 21.0.7 with PID 20144 (started by Sunlight-HV3 in D:\coding\workingspace\test-practice)
2025-08-20 15:53:43.435 [main] INFO  c.s.l.e.a.ShortLinkServiceExercise - The following 1 profile is active: "test"
2025-08-20 15:53:43.709 [main] DEBUG o.s.w.c.s.GenericWebApplicationContext - Refreshing org.springframework.web.context.support.GenericWebApplicationContext@6443b128
2025-08-20 15:53:46.923 [main] WARN  org.hibernate.orm.deprecation - HHH90000025: H2Dialect does not need to be specified explicitly using 'hibernate.dialect' (remove the property setting and it will be selected by default)
2025-08-20 15:53:47.667 [main] DEBUG org.hibernate.SQL - drop table if exists short_links cascade 
2025-08-20 15:53:47.677 [main] DEBUG org.hibernate.SQL - create table short_links (is_custom_alias boolean not null, access_count bigint not null, created_at timestamp(6) not null, id bigint generated by default as identity, last_updated_at timestamp(6) not null, short_code varchar(20) not null unique, description varchar(500), long_url varchar(2048) not null, primary key (id))
2025-08-20 15:53:47.686 [main] DEBUG org.hibernate.SQL - create index idx_long_url on short_links (long_url)
2025-08-20 15:53:47.686 [main] DEBUG org.hibernate.SQL - create index idx_created_at on short_links (created_at)
2025-08-20 15:53:48.315 [main] WARN  o.s.b.a.o.j.JpaBaseConfiguration$JpaWebConfiguration - spring.jpa.open-in-view is enabled by default. Therefore, database queries may be performed during view rendering. Explicitly configure spring.jpa.open-in-view to disable this warning
2025-08-20 15:53:48.443 [main] DEBUG o.s.w.s.m.m.a.RequestMappingHandlerMapping - 9 mappings in 'requestMappingHandlerMapping'
2025-08-20 15:53:48.627 [main] DEBUG o.s.w.s.h.SimpleUrlHandlerMapping - Patterns [/webjars/**, /**] in 'resourceHandlerMapping'
2025-08-20 15:53:48.675 [main] DEBUG o.s.w.s.m.m.a.RequestMappingHandlerAdapter - ControllerAdvice beans: 0 @ModelAttribute, 0 @InitBinder, 1 RequestBodyAdvice, 1 ResponseBodyAdvice
2025-08-20 15:53:48.720 [main] DEBUG o.s.w.s.m.m.a.ExceptionHandlerExceptionResolver - ControllerAdvice beans: 0 @ExceptionHandler, 1 ResponseBodyAdvice
2025-08-20 15:53:49.009 [main] INFO  c.s.l.e.a.ShortLinkServiceExercise - Started ShortLinkServiceExercise in 5.981 seconds (process running for 7.268)
2025-08-20 15:53:49.188 [SpringApplicationShutdownHook] DEBUG o.s.w.c.s.GenericWebApplicationContext - Closing org.springframework.web.context.support.GenericWebApplicationContext@6443b128, started on Wed Aug 20 15:53:43 CST 2025
2025-08-20 15:53:49.206 [SpringApplicationShutdownHook] DEBUG org.hibernate.SQL - drop table if exists short_links cascade 
2025-08-20 15:58:29.447 [main] INFO  c.s.l.e.a.ShortLinkServiceExercise - Starting ShortLinkServiceExercise using Java 21.0.7 with PID 22168 (started by Sunlight-HV3 in D:\coding\workingspace\test-practice)
2025-08-20 15:58:29.449 [main] INFO  c.s.l.e.a.ShortLinkServiceExercise - The following 1 profile is active: "test"
2025-08-20 15:58:29.755 [main] DEBUG o.s.w.c.s.GenericWebApplicationContext - Refreshing org.springframework.web.context.support.GenericWebApplicationContext@6443b128
2025-08-20 15:58:33.025 [main] WARN  org.hibernate.orm.deprecation - HHH90000025: H2Dialect does not need to be specified explicitly using 'hibernate.dialect' (remove the property setting and it will be selected by default)
2025-08-20 15:58:33.849 [main] DEBUG org.hibernate.SQL - drop table if exists short_links cascade 
2025-08-20 15:58:33.858 [main] DEBUG org.hibernate.SQL - create table short_links (is_custom_alias boolean not null, access_count bigint not null, created_at timestamp(6) not null, id bigint generated by default as identity, last_updated_at timestamp(6) not null, short_code varchar(20) not null unique, description varchar(500), long_url varchar(2048) not null, primary key (id))
2025-08-20 15:58:33.868 [main] DEBUG org.hibernate.SQL - create index idx_long_url on short_links (long_url)
2025-08-20 15:58:33.869 [main] DEBUG org.hibernate.SQL - create index idx_created_at on short_links (created_at)
2025-08-20 15:58:34.497 [main] WARN  o.s.b.a.o.j.JpaBaseConfiguration$JpaWebConfiguration - spring.jpa.open-in-view is enabled by default. Therefore, database queries may be performed during view rendering. Explicitly configure spring.jpa.open-in-view to disable this warning
2025-08-20 15:58:34.630 [main] DEBUG o.s.w.s.m.m.a.RequestMappingHandlerMapping - 9 mappings in 'requestMappingHandlerMapping'
2025-08-20 15:58:34.790 [main] DEBUG o.s.w.s.h.SimpleUrlHandlerMapping - Patterns [/webjars/**, /**] in 'resourceHandlerMapping'
2025-08-20 15:58:34.834 [main] DEBUG o.s.w.s.m.m.a.RequestMappingHandlerAdapter - ControllerAdvice beans: 0 @ModelAttribute, 0 @InitBinder, 1 RequestBodyAdvice, 1 ResponseBodyAdvice
2025-08-20 15:58:34.872 [main] DEBUG o.s.w.s.m.m.a.ExceptionHandlerExceptionResolver - ControllerAdvice beans: 0 @ExceptionHandler, 1 ResponseBodyAdvice
2025-08-20 15:58:35.121 [main] INFO  c.s.l.e.a.ShortLinkServiceExercise - Started ShortLinkServiceExercise in 6.087 seconds (process running for 7.374)
2025-08-20 15:58:35.341 [SpringApplicationShutdownHook] DEBUG o.s.w.c.s.GenericWebApplicationContext - Closing org.springframework.web.context.support.GenericWebApplicationContext@6443b128, started on Wed Aug 20 15:58:29 CST 2025
2025-08-20 15:58:35.360 [SpringApplicationShutdownHook] DEBUG org.hibernate.SQL - drop table if exists short_links cascade 
2025-08-20 16:05:17.853 [main] INFO  c.s.l.e.a.ShortLinkServiceExercise - Starting ShortLinkServiceExercise using Java 21.0.7 with PID 24288 (started by Sunlight-HV3 in D:\coding\workingspace\test-practice)
2025-08-20 16:05:17.854 [main] INFO  c.s.l.e.a.ShortLinkServiceExercise - The following 1 profile is active: "test"
2025-08-20 16:05:18.129 [main] DEBUG o.s.w.c.s.GenericWebApplicationContext - Refreshing org.springframework.web.context.support.GenericWebApplicationContext@6443b128
2025-08-20 16:05:21.271 [main] WARN  org.hibernate.orm.deprecation - HHH90000025: H2Dialect does not need to be specified explicitly using 'hibernate.dialect' (remove the property setting and it will be selected by default)
2025-08-20 16:05:22.210 [main] DEBUG org.hibernate.SQL - drop table if exists short_links cascade 
2025-08-20 16:05:22.219 [main] DEBUG org.hibernate.SQL - create table short_links (is_custom_alias boolean not null, access_count bigint not null, created_at timestamp(6) not null, id bigint generated by default as identity, last_updated_at timestamp(6) not null, short_code varchar(20) not null unique, description varchar(500), long_url varchar(2048) not null, primary key (id))
2025-08-20 16:05:22.229 [main] DEBUG org.hibernate.SQL - create index idx_long_url on short_links (long_url)
2025-08-20 16:05:22.229 [main] DEBUG org.hibernate.SQL - create index idx_created_at on short_links (created_at)
2025-08-20 16:05:22.839 [main] WARN  o.s.b.a.o.j.JpaBaseConfiguration$JpaWebConfiguration - spring.jpa.open-in-view is enabled by default. Therefore, database queries may be performed during view rendering. Explicitly configure spring.jpa.open-in-view to disable this warning
2025-08-20 16:05:22.967 [main] DEBUG o.s.w.s.m.m.a.RequestMappingHandlerMapping - 9 mappings in 'requestMappingHandlerMapping'
2025-08-20 16:05:23.134 [main] DEBUG o.s.w.s.h.SimpleUrlHandlerMapping - Patterns [/webjars/**, /**] in 'resourceHandlerMapping'
2025-08-20 16:05:23.175 [main] DEBUG o.s.w.s.m.m.a.RequestMappingHandlerAdapter - ControllerAdvice beans: 0 @ModelAttribute, 0 @InitBinder, 1 RequestBodyAdvice, 1 ResponseBodyAdvice
2025-08-20 16:05:23.215 [main] DEBUG o.s.w.s.m.m.a.ExceptionHandlerExceptionResolver - ControllerAdvice beans: 0 @ExceptionHandler, 1 ResponseBodyAdvice
2025-08-20 16:05:23.450 [main] INFO  c.s.l.e.a.ShortLinkServiceExercise - Started ShortLinkServiceExercise in 6.023 seconds (process running for 7.301)
2025-08-20 16:05:23.673 [SpringApplicationShutdownHook] DEBUG o.s.w.c.s.GenericWebApplicationContext - Closing org.springframework.web.context.support.GenericWebApplicationContext@6443b128, started on Wed Aug 20 16:05:18 CST 2025
2025-08-20 16:05:23.694 [SpringApplicationShutdownHook] DEBUG org.hibernate.SQL - drop table if exists short_links cascade 
2025-08-20 16:10:06.973 [main] INFO  c.s.l.e.a.ShortLinkServiceExercise - Starting ShortLinkServiceExercise using Java 21.0.7 with PID 2964 (started by Sunlight-HV3 in D:\coding\workingspace\test-practice)
2025-08-20 16:10:06.974 [main] INFO  c.s.l.e.a.ShortLinkServiceExercise - The following 1 profile is active: "test"
2025-08-20 16:10:07.269 [main] DEBUG o.s.w.c.s.GenericWebApplicationContext - Refreshing org.springframework.web.context.support.GenericWebApplicationContext@6443b128
2025-08-20 16:10:10.518 [main] WARN  org.hibernate.orm.deprecation - HHH90000025: H2Dialect does not need to be specified explicitly using 'hibernate.dialect' (remove the property setting and it will be selected by default)
2025-08-20 16:10:11.301 [main] DEBUG org.hibernate.SQL - drop table if exists short_links cascade 
2025-08-20 16:10:11.310 [main] DEBUG org.hibernate.SQL - create table short_links (is_custom_alias boolean not null, access_count bigint not null, created_at timestamp(6) not null, id bigint generated by default as identity, last_updated_at timestamp(6) not null, short_code varchar(20) not null unique, description varchar(500), long_url varchar(2048) not null, primary key (id))
2025-08-20 16:10:11.321 [main] DEBUG org.hibernate.SQL - create index idx_long_url on short_links (long_url)
2025-08-20 16:10:11.322 [main] DEBUG org.hibernate.SQL - create index idx_created_at on short_links (created_at)
2025-08-20 16:10:11.937 [main] WARN  o.s.b.a.o.j.JpaBaseConfiguration$JpaWebConfiguration - spring.jpa.open-in-view is enabled by default. Therefore, database queries may be performed during view rendering. Explicitly configure spring.jpa.open-in-view to disable this warning
2025-08-20 16:10:12.072 [main] DEBUG o.s.w.s.m.m.a.RequestMappingHandlerMapping - 9 mappings in 'requestMappingHandlerMapping'
2025-08-20 16:10:12.237 [main] DEBUG o.s.w.s.h.SimpleUrlHandlerMapping - Patterns [/webjars/**, /**] in 'resourceHandlerMapping'
2025-08-20 16:10:12.279 [main] DEBUG o.s.w.s.m.m.a.RequestMappingHandlerAdapter - ControllerAdvice beans: 0 @ModelAttribute, 0 @InitBinder, 1 RequestBodyAdvice, 1 ResponseBodyAdvice
2025-08-20 16:10:12.316 [main] DEBUG o.s.w.s.m.m.a.ExceptionHandlerExceptionResolver - ControllerAdvice beans: 0 @ExceptionHandler, 1 ResponseBodyAdvice
2025-08-20 16:10:12.565 [main] INFO  c.s.l.e.a.ShortLinkServiceExercise - Started ShortLinkServiceExercise in 6.018 seconds (process running for 7.485)
2025-08-20 16:10:12.770 [SpringApplicationShutdownHook] DEBUG o.s.w.c.s.GenericWebApplicationContext - Closing org.springframework.web.context.support.GenericWebApplicationContext@6443b128, started on Wed Aug 20 16:10:07 CST 2025
2025-08-20 16:10:12.790 [SpringApplicationShutdownHook] DEBUG org.hibernate.SQL - drop table if exists short_links cascade 
2025-08-20 16:14:34.549 [main] INFO  c.s.l.e.a.ShortLinkServiceExercise - Starting ShortLinkServiceExercise using Java 21.0.7 with PID 27104 (started by Sunlight-HV3 in D:\coding\workingspace\test-practice)
2025-08-20 16:14:34.550 [main] INFO  c.s.l.e.a.ShortLinkServiceExercise - The following 1 profile is active: "test"
2025-08-20 16:14:34.812 [main] DEBUG o.s.w.c.s.GenericWebApplicationContext - Refreshing org.springframework.web.context.support.GenericWebApplicationContext@6443b128
2025-08-20 16:14:37.887 [main] WARN  org.hibernate.orm.deprecation - HHH90000025: H2Dialect does not need to be specified explicitly using 'hibernate.dialect' (remove the property setting and it will be selected by default)
2025-08-20 16:14:38.658 [main] DEBUG org.hibernate.SQL - drop table if exists short_links cascade 
2025-08-20 16:14:38.667 [main] DEBUG org.hibernate.SQL - create table short_links (is_custom_alias boolean not null, access_count bigint not null, created_at timestamp(6) not null, id bigint generated by default as identity, last_updated_at timestamp(6) not null, short_code varchar(20) not null unique, description varchar(500), long_url varchar(2048) not null, primary key (id))
2025-08-20 16:14:38.677 [main] DEBUG org.hibernate.SQL - create index idx_long_url on short_links (long_url)
2025-08-20 16:14:38.677 [main] DEBUG org.hibernate.SQL - create index idx_created_at on short_links (created_at)
2025-08-20 16:14:39.296 [main] WARN  o.s.b.a.o.j.JpaBaseConfiguration$JpaWebConfiguration - spring.jpa.open-in-view is enabled by default. Therefore, database queries may be performed during view rendering. Explicitly configure spring.jpa.open-in-view to disable this warning
2025-08-20 16:14:39.431 [main] DEBUG o.s.w.s.m.m.a.RequestMappingHandlerMapping - 9 mappings in 'requestMappingHandlerMapping'
2025-08-20 16:14:39.598 [main] DEBUG o.s.w.s.h.SimpleUrlHandlerMapping - Patterns [/webjars/**, /**] in 'resourceHandlerMapping'
2025-08-20 16:14:39.639 [main] DEBUG o.s.w.s.m.m.a.RequestMappingHandlerAdapter - ControllerAdvice beans: 0 @ModelAttribute, 0 @InitBinder, 1 RequestBodyAdvice, 1 ResponseBodyAdvice
2025-08-20 16:14:39.678 [main] DEBUG o.s.w.s.m.m.a.ExceptionHandlerExceptionResolver - ControllerAdvice beans: 0 @ExceptionHandler, 1 ResponseBodyAdvice
2025-08-20 16:14:39.922 [main] INFO  c.s.l.e.a.ShortLinkServiceExercise - Started ShortLinkServiceExercise in 5.779 seconds (process running for 7.234)
2025-08-20 16:14:40.122 [SpringApplicationShutdownHook] DEBUG o.s.w.c.s.GenericWebApplicationContext - Closing org.springframework.web.context.support.GenericWebApplicationContext@6443b128, started on Wed Aug 20 16:14:34 CST 2025
2025-08-20 16:14:40.142 [SpringApplicationShutdownHook] DEBUG org.hibernate.SQL - drop table if exists short_links cascade 
2025-08-20 16:16:53.407 [main] INFO  c.s.l.e.a.ShortLinkServiceExercise - Starting ShortLinkServiceExercise using Java 21.0.7 with PID 7236 (started by Sunlight-HV3 in D:\coding\workingspace\test-practice)
2025-08-20 16:16:53.409 [main] INFO  c.s.l.e.a.ShortLinkServiceExercise - The following 1 profile is active: "test"
2025-08-20 16:16:53.669 [main] DEBUG o.s.w.c.s.GenericWebApplicationContext - Refreshing org.springframework.web.context.support.GenericWebApplicationContext@6443b128
2025-08-20 16:16:56.871 [main] WARN  org.hibernate.orm.deprecation - HHH90000025: H2Dialect does not need to be specified explicitly using 'hibernate.dialect' (remove the property setting and it will be selected by default)
2025-08-20 16:16:57.844 [main] DEBUG org.hibernate.SQL - drop table if exists short_links cascade 
2025-08-20 16:16:57.853 [main] DEBUG org.hibernate.SQL - create table short_links (is_custom_alias boolean not null, access_count bigint not null, created_at timestamp(6) not null, id bigint generated by default as identity, last_updated_at timestamp(6) not null, short_code varchar(20) not null unique, description varchar(500), long_url varchar(2048) not null, primary key (id))
2025-08-20 16:16:57.863 [main] DEBUG org.hibernate.SQL - create index idx_long_url on short_links (long_url)
2025-08-20 16:16:57.864 [main] DEBUG org.hibernate.SQL - create index idx_created_at on short_links (created_at)
2025-08-20 16:16:58.491 [main] WARN  o.s.b.a.o.j.JpaBaseConfiguration$JpaWebConfiguration - spring.jpa.open-in-view is enabled by default. Therefore, database queries may be performed during view rendering. Explicitly configure spring.jpa.open-in-view to disable this warning
2025-08-20 16:16:58.656 [main] DEBUG o.s.w.s.m.m.a.RequestMappingHandlerMapping - 9 mappings in 'requestMappingHandlerMapping'
2025-08-20 16:16:58.893 [main] DEBUG o.s.w.s.h.SimpleUrlHandlerMapping - Patterns [/webjars/**, /**] in 'resourceHandlerMapping'
2025-08-20 16:16:58.948 [main] DEBUG o.s.w.s.m.m.a.RequestMappingHandlerAdapter - ControllerAdvice beans: 0 @ModelAttribute, 0 @InitBinder, 1 RequestBodyAdvice, 1 ResponseBodyAdvice
2025-08-20 16:16:59.000 [main] DEBUG o.s.w.s.m.m.a.ExceptionHandlerExceptionResolver - ControllerAdvice beans: 0 @ExceptionHandler, 1 ResponseBodyAdvice
2025-08-20 16:16:59.347 [main] INFO  c.s.l.e.a.ShortLinkServiceExercise - Started ShortLinkServiceExercise in 6.346 seconds (process running for 7.627)
2025-08-20 16:16:59.720 [SpringApplicationShutdownHook] DEBUG o.s.w.c.s.GenericWebApplicationContext - Closing org.springframework.web.context.support.GenericWebApplicationContext@6443b128, started on Wed Aug 20 16:16:53 CST 2025
2025-08-20 16:16:59.754 [SpringApplicationShutdownHook] DEBUG org.hibernate.SQL - drop table if exists short_links cascade 
2025-08-20 16:17:15.434 [main] INFO  c.s.l.e.a.ShortLinkServiceExercise - Starting ShortLinkServiceExercise using Java 21.0.7 with PID 25240 (started by Sunlight-HV3 in D:\coding\workingspace\test-practice)
2025-08-20 16:17:15.435 [main] INFO  c.s.l.e.a.ShortLinkServiceExercise - The following 1 profile is active: "test"
2025-08-20 16:17:15.772 [main] DEBUG o.s.w.c.s.GenericWebApplicationContext - Refreshing org.springframework.web.context.support.GenericWebApplicationContext@69cac930
2025-08-20 16:17:19.923 [main] WARN  org.hibernate.orm.deprecation - HHH90000025: H2Dialect does not need to be specified explicitly using 'hibernate.dialect' (remove the property setting and it will be selected by default)
2025-08-20 16:17:20.990 [main] DEBUG org.hibernate.SQL - drop table if exists short_links cascade 
2025-08-20 16:17:21.003 [main] DEBUG org.hibernate.SQL - create table short_links (is_custom_alias boolean not null, access_count bigint not null, created_at timestamp(6) not null, id bigint generated by default as identity, last_updated_at timestamp(6) not null, short_code varchar(20) not null unique, description varchar(500), long_url varchar(2048) not null, primary key (id))
2025-08-20 16:17:21.015 [main] DEBUG org.hibernate.SQL - create index idx_long_url on short_links (long_url)
2025-08-20 16:17:21.016 [main] DEBUG org.hibernate.SQL - create index idx_created_at on short_links (created_at)
2025-08-20 16:17:21.847 [main] WARN  o.s.b.a.o.j.JpaBaseConfiguration$JpaWebConfiguration - spring.jpa.open-in-view is enabled by default. Therefore, database queries may be performed during view rendering. Explicitly configure spring.jpa.open-in-view to disable this warning
2025-08-20 16:17:22.006 [main] DEBUG o.s.w.s.m.m.a.RequestMappingHandlerMapping - 9 mappings in 'requestMappingHandlerMapping'
2025-08-20 16:17:22.249 [main] DEBUG o.s.w.s.h.SimpleUrlHandlerMapping - Patterns [/webjars/**, /**] in 'resourceHandlerMapping'
2025-08-20 16:17:22.305 [main] DEBUG o.s.w.s.m.m.a.RequestMappingHandlerAdapter - ControllerAdvice beans: 0 @ModelAttribute, 0 @InitBinder, 1 RequestBodyAdvice, 1 ResponseBodyAdvice
2025-08-20 16:17:22.361 [main] DEBUG o.s.w.s.m.m.a.ExceptionHandlerExceptionResolver - ControllerAdvice beans: 0 @ExceptionHandler, 1 ResponseBodyAdvice
2025-08-20 16:17:22.703 [main] INFO  c.s.l.e.a.ShortLinkServiceExercise - Started ShortLinkServiceExercise in 7.704 seconds (process running for 9.325)
2025-08-20 16:17:23.167 [SpringApplicationShutdownHook] DEBUG o.s.w.c.s.GenericWebApplicationContext - Closing org.springframework.web.context.support.GenericWebApplicationContext@69cac930, started on Wed Aug 20 16:17:15 CST 2025
2025-08-20 16:17:23.194 [SpringApplicationShutdownHook] DEBUG org.hibernate.SQL - drop table if exists short_links cascade 
